<?xml version='1.0' encoding='UTF-8'?>
<testsuite hostname="Knoldus" name="knoldus.JsonInputOutputTest" tests="2" errors="0" failures="1" time="3.79">
                     <properties>
[...]
</properties>
                     <testcase classname="knoldus.JsonInputOutputTest" name="Insert JSon" time="3.693">
                                                 
                                               </testcase><testcase classname="knoldus.JsonInputOutputTest" name="Retrieve JSon" time="0.097">
                                                 <failure message="/src/test/resources/OutputJson.json (No such file or directory)" type="java.io.FileNotFoundException">java.io.FileNotFoundException: /src/test/resources/OutputJson.json (No such file or directory)
	at java.io.FileOutputStream.open0(Native Method)
	at java.io.FileOutputStream.open(FileOutputStream.java:270)
	at java.io.FileOutputStream.&lt;init&gt;(FileOutputStream.java:213)
	at java.io.FileOutputStream.&lt;init&gt;(FileOutputStream.java:162)
	at java.io.PrintWriter.&lt;init&gt;(PrintWriter.java:263)
	at knoldus.JsonInputOutput$class.retrieveJson(JsonInputOutput.scala:62)
	at knoldus.JsonInputOutputTest.retrieveJson(JsonInputOutputTest.scala:8)
	at knoldus.JsonInputOutputTest$$anonfun$2.apply$mcV$sp(JsonInputOutputTest.scala:19)
	at knoldus.JsonInputOutputTest$$anonfun$2.apply(JsonInputOutputTest.scala:18)
	at knoldus.JsonInputOutputTest$$anonfun$2.apply(JsonInputOutputTest.scala:18)
	at org.scalatest.Transformer$$anonfun$apply$1.apply$mcV$sp(Transformer.scala:22)
	at org.scalatest.OutcomeOf$class.outcomeOf(OutcomeOf.scala:85)
	at org.scalatest.OutcomeOf$.outcomeOf(OutcomeOf.scala:104)
	at org.scalatest.Transformer.apply(Transformer.scala:22)
	at org.scalatest.Transformer.apply(Transformer.scala:20)
	at org.scalatest.FunSuiteLike$$anon$1.apply(FunSuiteLike.scala:166)
	at org.scalatest.Suite$class.withFixture(Suite.scala:1122)
	at org.scalatest.FunSuite.withFixture(FunSuite.scala:1555)
	at org.scalatest.FunSuiteLike$class.invokeWithFixture$1(FunSuiteLike.scala:163)
	at org.scalatest.FunSuiteLike$$anonfun$runTest$1.apply(FunSuiteLike.scala:175)
	at org.scalatest.FunSuiteLike$$anonfun$runTest$1.apply(FunSuiteLike.scala:175)
	at org.scalatest.SuperEngine.runTestImpl(Engine.scala:306)
	at org.scalatest.FunSuiteLike$class.runTest(FunSuiteLike.scala:175)
	at org.scalatest.FunSuite.runTest(FunSuite.scala:1555)
	at org.scalatest.FunSuiteLike$$anonfun$runTests$1.apply(FunSuiteLike.scala:208)
	at org.scalatest.FunSuiteLike$$anonfun$runTests$1.apply(FunSuiteLike.scala:208)
	at org.scalatest.SuperEngine$$anonfun$traverseSubNodes$1$1.apply(Engine.scala:413)
	at org.scalatest.SuperEngine$$anonfun$traverseSubNodes$1$1.apply(Engine.scala:401)
	at scala.collection.immutable.List.foreach(List.scala:381)
	at org.scalatest.SuperEngine.traverseSubNodes$1(Engine.scala:401)
	at org.scalatest.SuperEngine.org$scalatest$SuperEngine$$runTestsInBranch(Engine.scala:396)
	at org.scalatest.SuperEngine.runTestsImpl(Engine.scala:483)
	at org.scalatest.FunSuiteLike$class.runTests(FunSuiteLike.scala:208)
	at org.scalatest.FunSuite.runTests(FunSuite.scala:1555)
	at org.scalatest.Suite$class.run(Suite.scala:1424)
	at org.scalatest.FunSuite.org$scalatest$FunSuiteLike$$super$run(FunSuite.scala:1555)
	at org.scalatest.FunSuiteLike$$anonfun$run$1.apply(FunSuiteLike.scala:212)
	at org.scalatest.FunSuiteLike$$anonfun$run$1.apply(FunSuiteLike.scala:212)
	at org.scalatest.SuperEngine.runImpl(Engine.scala:545)
	at org.scalatest.FunSuiteLike$class.run(FunSuiteLike.scala:212)
	at org.scalatest.FunSuite.run(FunSuite.scala:1555)
	at org.scalatest.tools.Framework.org$scalatest$tools$Framework$$runSuite(Framework.scala:357)
	at org.scalatest.tools.Framework$ScalaTestTask.execute(Framework.scala:502)
	at sbt.TestRunner.runTest$1(TestFramework.scala:76)
	at sbt.TestRunner.run(TestFramework.scala:85)
	at sbt.TestFramework$$anon$2$$anonfun$$init$$1$$anonfun$apply$8.apply(TestFramework.scala:202)
	at sbt.TestFramework$$anon$2$$anonfun$$init$$1$$anonfun$apply$8.apply(TestFramework.scala:202)
	at sbt.TestFramework$.sbt$TestFramework$$withContextLoader(TestFramework.scala:185)
	at sbt.TestFramework$$anon$2$$anonfun$$init$$1.apply(TestFramework.scala:202)
	at sbt.TestFramework$$anon$2$$anonfun$$init$$1.apply(TestFramework.scala:202)
	at sbt.TestFunction.apply(TestFramework.scala:207)
	at sbt.Tests$$anonfun$9.apply(Tests.scala:216)
	at sbt.Tests$$anonfun$9.apply(Tests.scala:216)
	at sbt.std.Transform$$anon$3$$anonfun$apply$2.apply(System.scala:44)
	at sbt.std.Transform$$anon$3$$anonfun$apply$2.apply(System.scala:44)
	at sbt.std.Transform$$anon$4.work(System.scala:63)
	at sbt.Execute$$anonfun$submit$1$$anonfun$apply$1.apply(Execute.scala:226)
	at sbt.Execute$$anonfun$submit$1$$anonfun$apply$1.apply(Execute.scala:226)
	at sbt.ErrorHandling$.wideConvert(ErrorHandling.scala:17)
	at sbt.Execute.work(Execute.scala:235)
	at sbt.Execute$$anonfun$submit$1.apply(Execute.scala:226)
	at sbt.Execute$$anonfun$submit$1.apply(Execute.scala:226)
	at sbt.ConcurrentRestrictions$$anon$4$$anonfun$1.apply(ConcurrentRestrictions.scala:159)
	at sbt.CompletionService$$anon$2.call(CompletionService.scala:28)
	at java.util.concurrent.FutureTask.run(FutureTask.java:266)
	at java.util.concurrent.Executors$RunnableAdapter.call(Executors.java:511)
	at java.util.concurrent.FutureTask.run(FutureTask.java:266)
	at java.util.concurrent.ThreadPoolExecutor.runWorker(ThreadPoolExecutor.java:1142)
	at java.util.concurrent.ThreadPoolExecutor$Worker.run(ThreadPoolExecutor.java:617)
	at java.lang.Thread.run(Thread.java:745)
</failure>
                                               </testcase>
                     <system-out></system-out>
                     <system-err></system-err>
                   </testsuite>