<?xml version='1.0' encoding='UTF-8'?>
<testsuite hostname="Knoldus" name="knoldus.ElasticSearchImplTest" tests="1" errors="1" failures="0" time="0.013">
                     <properties>
[...]
</properties>
                     <testcase classname="knoldus.ElasticSearchImplTest" name="(It is not a test)" time="0.013">
                                                 <error message="[twitter] already exists" type="org.elasticsearch.indices.IndexAlreadyExistsException">org.elasticsearch.indices.IndexAlreadyExistsException: [twitter] already exists
	at org.elasticsearch.cluster.metadata.MetaDataCreateIndexService.validateIndexName(MetaDataCreateIndexService.java:160)
	at org.elasticsearch.cluster.metadata.MetaDataCreateIndexService.validate(MetaDataCreateIndexService.java:552)
	at org.elasticsearch.cluster.metadata.MetaDataCreateIndexService.access$200(MetaDataCreateIndexService.java:88)
	at org.elasticsearch.cluster.metadata.MetaDataCreateIndexService$2.execute(MetaDataCreateIndexService.java:230)
	at org.elasticsearch.cluster.service.InternalClusterService$UpdateTask.run(InternalClusterService.java:365)
	at org.elasticsearch.common.util.concurrent.PrioritizedEsThreadPoolExecutor$TieBreakingPrioritizedRunnable.runAndClean(PrioritizedEsThreadPoolExecutor.java:188)
	at org.elasticsearch.common.util.concurrent.PrioritizedEsThreadPoolExecutor$TieBreakingPrioritizedRunnable.run(PrioritizedEsThreadPoolExecutor.java:158)
	at java.util.concurrent.ThreadPoolExecutor.runWorker(ThreadPoolExecutor.java:1142)
	at java.util.concurrent.ThreadPoolExecutor$Worker.run(ThreadPoolExecutor.java:617)
	at java.lang.Thread.run(Thread.java:745)
</error>
                                               </testcase>
                     <system-out></system-out>
                     <system-err></system-err>
                   </testsuite>