[0m[[0mdebug[0m] [0mRunning TaskDef(knoldus.ElasticSearchImplTest, org.scalatest.tools.Framework$$anon$1@f47b368, false, [SuiteSelector])[0m
[0m[[0mdebug[0m] [0mRunning TaskDef(knoldus.JsonInputOutputTest, org.scalatest.tools.Framework$$anon$1@f47b368, false, [SuiteSelector])[0m
[0m[[0minfo[0m] [0m[36mRun completed in 7 seconds, 687 milliseconds.[0m[0m
[0m[[0minfo[0m] [0m[36mTotal number of tests run: 2[0m[0m
[0m[[0minfo[0m] [0m[36mSuites: completed 1, aborted 1[0m[0m
[0m[[0minfo[0m] [0m[36mTests: succeeded 1, failed 1, canceled 0, ignored 0, pending 0[0m[0m
[0m[[0minfo[0m] [0m[31m*** 1 SUITE ABORTED ***[0m[0m
[0m[[0minfo[0m] [0m[31m*** 1 TEST FAILED ***[0m[0m
[0m[[31merror[0m] [0mFailed tests:[0m
[0m[[31merror[0m] [0m	knoldus.JsonInputOutputTest[0m
[0m[[31merror[0m] [0mError during tests:[0m
[0m[[31merror[0m] [0m	knoldus.ElasticSearchImplTest[0m
[0m[[31merror[0m] [0m(test:[31mtest[0m) sbt.TestsFailedException: Tests unsuccessful[0m
